REPOSITORY                                        TAG                 IMAGE ID            CREATED              SIZE
epanoff/ubuntu-tmp-file                           latest              c80dae49c0d9        About a minute ago   112MB
ubuntu                                            16.04               0458a4468cbc        9 days ago           112MB
hello-world                                       latest              f2a91732366c        2 months ago         1.85kB
mplatform/mquery                                  latest              0e11d82ddb1d        4 months ago         7.11MB
test1                                             latest              e8b5b42c90d6        9 months ago         493MB
<none>                                            <none>              201d0e31addf        9 months ago         493MB
<none>                                            <none>              7ebb4b40e1e4        9 months ago         493MB
<none>                                            <none>              f0f64f09e26d        9 months ago         493MB
<none>                                            <none>              856db12d5a3d        9 months ago         511MB
<none>                                            <none>              51fed22cc76e        9 months ago         511MB
<none>                                            <none>              964b1a8b57d7        9 months ago         448MB
<none>                                            <none>              0df06bebc3af        9 months ago         496MB
<none>                                            <none>              ac49d6579667        9 months ago         496MB
<none>                                            <none>              08c8099aaa34        9 months ago         496MB
<none>                                            <none>              f96eea41b2e9        9 months ago         495MB
<none>                                            <none>              702ab9f160d8        9 months ago         434MB
postgres                                          latest              ff0943ecbb3c        10 months ago        267MB
debian                                            stable              4f0a4f3c13a4        10 months ago        123MB
atg-cicd:5000/jboss/wildfly-web-soap-promotions   0.0.1               7bc2f2428723        16 months ago        1.16GB
