REPOSITORY                                        TAG                 IMAGE ID            CREATED              SIZE
epanoff/ubuntu-tmp-file                           latest              c80dae49c0d9        About a minute ago   112MB
ubuntu                                            16.04               0458a4468cbc        9 days ago           112MB
hello-world                                       latest              f2a91732366c        2 months ago         1.85kB
mplatform/mquery                                  latest              0e11d82ddb1d        4 months ago         7.11MB
test1                                             latest              e8b5b42c90d6        9 months ago         493MB
<none>                                            <none>              201d0e31addf        9 months ago         493MB
<none>                                            <none>              7ebb4b40e1e4        9 months ago         493MB
<none>                                            <none>              f0f64f09e26d        9 months ago         493MB
<none>                                            <none>              856db12d5a3d        9 months ago         511MB
<none>                                            <none>              51fed22cc76e        9 months ago         511MB
<none>                                            <none>              964b1a8b57d7        9 months ago         448MB
<none>                                            <none>              0df06bebc3af        9 months ago         496MB
<none>                                            <none>              ac49d6579667        9 months ago         496MB
<none>                                            <none>              08c8099aaa34        9 months ago         496MB
<none>                                            <none>              f96eea41b2e9        9 months ago         495MB
<none>                                            <none>              702ab9f160d8        9 months ago         434MB
postgres                                          latest              ff0943ecbb3c        10 months ago        267MB
debian                                            stable              4f0a4f3c13a4        10 months ago        123MB
atg-cicd:5000/jboss/wildfly-web-soap-promotions   0.0.1               7bc2f2428723        16 months ago        1.16GB

В файл docker-1.log допишите свое заключение о том, почему выводы этих двух команд отличаются.

Не понял немножко вопроса. docker inspect показывает низкоуровневую информацию о докер объектах. image и контейнер это разные объекты и было бы странно если бы у них были одинаковая информация.

UPDATE:
Да, контейнер и образ это действительно разные объекты. Нужно описать в чем же отличие этих двух объектов, что можно как раз понять по выводу этих команд.

Контейнер - это конкрентный инстанс приложения - и у него есть состояние (мертвый живой) - это мы видим в выводе команды docker inspect и настройки - дисковой подсистемы, файловой, название, образ из которого он стартован, пути к некоторым файлам и тп. 
, а image это образ. Который образуется путем выполнения команд  на определенном контейнера с последующим сохранением состояния. Соотвественно мы видим настройки того контейнера из которого мы собрали образ, плюс информацию об образе 
его архитектуру, слои, родительский образ и тп.
